\BOOKMARK [1][-]{section.1}{\376\377\000R\000\351\000s\000e\000a\000u}{}% 1
\BOOKMARK [2][-]{subsection.1.1}{\376\377\000I\000n\000t\000r\000o\000d\000u\000c\000t\000i\000o\000n}{section.1}% 2
\BOOKMARK [2][-]{subsection.1.2}{\376\377\000C\000r\000\351\000a\000t\000i\000o\000n\000\040\000d\000e\000s\000\040\000r\000\351\000s\000e\000a\000u\000x}{section.1}% 3
\BOOKMARK [3][-]{subsubsection.1.2.1}{\376\377\000C\000o\000n\000f\000i\000g\000u\000r\000a\000t\000i\000o\000n\000\040\000d\000e\000s\000\040\000V\000L\000A\000N\000s}{subsection.1.2}% 4
\BOOKMARK [3][-]{subsubsection.1.2.2}{\376\377\000R\000o\000u\000t\000a\000g\000e\000\040\000I\000n\000t\000e\000r\000-\000V\000L\000A\000N}{subsection.1.2}% 5
\BOOKMARK [3][-]{subsubsection.1.2.3}{\376\377\000V\000\351\000r\000i\000f\000i\000c\000a\000t\000i\000o\000n\000\040\000d\000u\000\040\000r\000\351\000s\000e\000a\000u}{subsection.1.2}% 6
\BOOKMARK [2][-]{subsection.1.3}{\376\377\000C\000o\000n\000f\000i\000g\000u\000r\000a\000t\000i\000o\000n\000\040\000d\000u\000\040\000N\000A\000T}{section.1}% 7
\BOOKMARK [2][-]{subsection.1.4}{\376\377\000M\000i\000s\000e\000\040\000e\000n\000\040\000p\000l\000a\000c\000e\000\040\000d\000e\000s\000\040\000A\000C\000L}{section.1}% 8
\BOOKMARK [2][-]{subsection.1.5}{\376\377\000M\000i\000s\000e\000\040\000e\000n\000\040\000p\000l\000a\000c\000e\000\040\000d\000e\000s\000\040\000s\000e\000r\000v\000i\000c\000e\000s\000\040\000d\000e\000m\000a\000n\000d\000\351\000s}{section.1}% 9
\BOOKMARK [3][-]{subsubsection.1.5.1}{\376\377\000C\000r\000\351\000a\000t\000i\000o\000n\000\040\000d\000u\000\040\000s\000e\000r\000v\000e\000u\000r\000\040\000F\000T\000P}{subsection.1.5}% 10
\BOOKMARK [3][-]{subsubsection.1.5.2}{\376\377\000C\000r\000\351\000a\000t\000i\000o\000n\000\040\000d\000u\000\040\000s\000e\000r\000v\000e\000u\000r\000\040\000W\000E\000B}{subsection.1.5}% 11
\BOOKMARK [2][-]{subsection.1.6}{\376\377\000V\000\351\000r\000i\000f\000i\000c\000a\000t\000i\000o\000n\000\040\000d\000e\000s\000\040\000s\000e\000r\000v\000i\000c\000e\000s}{section.1}% 12
\BOOKMARK [1][-]{section.2}{\376\377\000T\000\351\000l\000\351\000p\000h\000o\000n\000i\000e}{}% 13
\BOOKMARK [2][-]{subsection.2.1}{\376\377\000I\000n\000t\000r\000o\000d\000u\000c\000t\000i\000o\000n}{section.2}% 14
\BOOKMARK [1][-]{section.3}{\376\377\000C\000o\000l\000l\000e\000c\000t\000e\000\040\000d\000e\000\040\000d\000o\000n\000n\000\351\000e\000s}{}% 15
\BOOKMARK [2][-]{subsection.3.1}{\376\377\000I\000n\000t\000r\000o\000d\000u\000c\000t\000i\000o\000n}{section.3}% 16
\BOOKMARK [2][-]{subsection.3.2}{\376\377\000R\000\351\000c\000u\000p\000\351\000r\000a\000t\000i\000o\000n\000\040\000d\000e\000\040\000d\000o\000n\000n\000\351\000e\000s}{section.3}% 17
\BOOKMARK [3][-]{subsubsection.3.2.1}{\376\377\000C\000o\000n\000f\000i\000g\000u\000r\000a\000t\000i\000o\000n\000\040\000d\000u\000\040\000s\000c\000r\000i\000p\000t}{subsection.3.2}% 18
\BOOKMARK [3][-]{subsubsection.3.2.2}{\376\377\000\311\000x\000\351\000c\000u\000t\000i\000o\000n\000\040\000d\000u\000\040\000s\000c\000r\000i\000p\000t}{subsection.3.2}% 19
\BOOKMARK [2][-]{subsection.3.3}{\376\377\000S\000a\000u\000v\000e\000g\000a\000r\000d\000e\000\040\000d\000e\000s\000\040\000v\000a\000l\000e\000u\000r\000s\000\040\000d\000a\000n\000s\000\040\000l\000a\000\040\000b\000a\000s\000e\000\040\000d\000e\000\040\000d\000o\000n\000n\000\351\000e\000s}{section.3}% 20
\BOOKMARK [1][-]{section.4}{\376\377\000W\000e\000b\000/\000B\000a\000s\000e\000\040\000d\000e\000\040\000d\000o\000n\000n\000\351\000e\000s}{}% 21
\BOOKMARK [2][-]{subsection.4.1}{\376\377\000I\000n\000t\000r\000o\000d\000u\000c\000t\000i\000o\000n}{section.4}% 22
